<?xml version="1.0" encoding="UTF-8"?>
<!-- Generated by org.testng.reporters.JUnitReportReporter -->
<testsuite hostname="DESKTOP-PNM8KQP" failures="0" tests="3" name="com.yatra.testcases.IndexPageTest" time="218.640" errors="0" timestamp="2022-01-17T14:32:50 IST" skipped="0">
  <testcase classname="com.yatra.testcases.IndexPageTest" name="verifyLogo" time="62.847"/>
  <system-out/>
  <testcase classname="com.yatra.testcases.IndexPageTest" name="verifyTitle" time="63.075"/>
  <system-out/>
  <testcase classname="com.yatra.testcases.IndexPageTest" name="searchBtnTest" time="92.718"/>
  <system-out/>
</testsuite> <!-- com.yatra.testcases.IndexPageTest -->
